Inicializacao padrao de dispositivos
0000 0004 0004 0004 0000 0004 0000 
0004 8002 0006 8002 0008 0002 0000 
0006 F0EE 0008 F0EE 000F 00EE 0000 
0008 C008 0008 C008 000C 0008 0000 
[Ok] Mensagem de erro para o código 0 correta.
0000 0004 0004 0004 0000 0004 0000 
0004 8002 0006 8002 0008 0002 0001 
0006 F0EE 0008 F0EE 000F 00EE 0001 
0008 C008 0008 C008 000C 0008 0001 
[Ok] Mensagem de erro para o código 1 correta.
0000 0004 0004 0004 0000 0004 0001 
0004 8002 0006 8002 0008 0002 0002 
0006 F0EE 0008 F0EE 000F 00EE 0002 
0008 C008 0008 C008 000C 0008 0002 
[Ok] Mensagem de erro para o código 2 correta.
0000 0004 0004 0004 0000 0004 0002 
0004 8002 0006 8002 0008 0002 0003 
0006 F0EE 0008 F0EE 000F 00EE 0003 
0008 C008 0008 C008 000C 0008 0003 
[Ok] Mensagem de erro para o código 3 correta.
0000 0004 0004 0004 0000 0004 0003 
0004 8002 0006 8002 0008 0002 0004 
0006 F0EE 0008 F0EE 000F 00EE 0004 
0008 C008 0008 C008 000C 0008 0004 
[Ok] Mensagem de erro para o código 4 correta.

Nota: 1,000
